<?xml version="1.0" encoding="UTF-8"?>
<!-- Generated by org.testng.reporters.JUnitReportReporter -->
<testsuite hostname="W10CG753X2" failures="1" tests="1" name="com.goibibo.tests.TS_002_Hotel_Booking" time="214.743" errors="0" timestamp="2022-03-08T16:42:54 IST" skipped="0">
  <testcase classname="com.goibibo.tests.TS_002_Hotel_Booking" name="hotelBooking" time="214.743">
    <failure message="Valdiation errors are [Please Enter Valid Card Number, Please Enter Valid CVV Number] expected [false] but found [true]" type="java.lang.AssertionError">
      <![CDATA[java.lang.AssertionError: Valdiation errors are [Please Enter Valid Card Number, Please Enter Valid CVV Number] expected [false] but found [true]
at org.testng.Assert.fail(Assert.java:99)
at org.testng.Assert.failNotEquals(Assert.java:1037)
at org.testng.Assert.assertFalse(Assert.java:67)
at com.goibibo.tests.TS_002_Hotel_Booking.hotelBooking(TS_002_Hotel_Booking.java:126)
at java.base/jdk.internal.reflect.NativeMethodAccessorImpl.invoke0(Native Method)
at java.base/jdk.internal.reflect.NativeMethodAccessorImpl.invoke(NativeMethodAccessorImpl.java:62)
at java.base/jdk.internal.reflect.DelegatingMethodAccessorImpl.invoke(DelegatingMethodAccessorImpl.java:43)
at java.base/java.lang.reflect.Method.invoke(Method.java:566)
at org.testng.internal.MethodInvocationHelper.invokeMethod(MethodInvocationHelper.java:133)
at org.testng.internal.TestInvoker.invokeMethod(TestInvoker.java:598)
at org.testng.internal.TestInvoker.invokeTestMethod(TestInvoker.java:173)
at org.testng.internal.MethodRunner.runInSequence(MethodRunner.java:46)
at org.testng.internal.TestInvoker$MethodInvocationAgent.invoke(TestInvoker.java:824)
at org.testng.internal.TestInvoker.invokeTestMethods(TestInvoker.java:146)
at org.testng.internal.TestMethodWorker.invokeTestMethods(TestMethodWorker.java:146)
at org.testng.internal.TestMethodWorker.run(TestMethodWorker.java:128)
at java.base/java.util.ArrayList.forEach(ArrayList.java:1541)
at org.testng.TestRunner.privateRun(TestRunner.java:794)
at org.testng.TestRunner.run(TestRunner.java:596)
at org.testng.SuiteRunner.runTest(SuiteRunner.java:377)
at org.testng.SuiteRunner.runSequentially(SuiteRunner.java:371)
at org.testng.SuiteRunner.privateRun(SuiteRunner.java:332)
at org.testng.SuiteRunner.run(SuiteRunner.java:276)
at org.testng.SuiteRunnerWorker.runSuite(SuiteRunnerWorker.java:53)
at org.testng.SuiteRunnerWorker.run(SuiteRunnerWorker.java:96)
at org.testng.TestNG.runSuitesSequentially(TestNG.java:1212)
at org.testng.TestNG.runSuitesLocally(TestNG.java:1134)
at org.testng.TestNG.runSuites(TestNG.java:1063)
at org.testng.TestNG.run(TestNG.java:1031)
at org.testng.remote.AbstractRemoteTestNG.run(AbstractRemoteTestNG.java:115)
at org.testng.remote.RemoteTestNG.initAndRun(RemoteTestNG.java:251)
at org.testng.remote.RemoteTestNG.main(RemoteTestNG.java:77)
]]>
    </failure>
  </testcase> <!-- hotelBooking -->
  <system-out>
    <![CDATA[Test case started: HOTELBOOKING
Existing rooms 1and Required rooms 1 are same.
Minus button at adults section is clicked 1 times
Existing rooms 0and Required rooms 0 are same.
The Total Number of Hotels are 100
Please find the Hotel names below:  
1.AURORA LIGHT RESIDENCY
2.Rainbow Cottage
3.Chettinad Avenue
4.Hotel Sapphire Paradise
5.Wild zest
6.Green Apple Residence
7.The Majestic Crown
8.Garden Manor
9.Hill Crest Metro
10.Sterling Ooty Elk Hill
11.Venus Holiday Home
12.Hotel Lakeview
13.Greenyards
14.FabHotel Sholas Residency I
15.OYO 13118 Twin Falls
16.Hotel Charring Cross
17.OYO 78034 New Star Cottages
18.Glen Park Inn
19.OYO 79915 SRJs Thaneesh Residency
20.Parkside Residency
21.The Monarch
22.The Green valley resorts
23.Beverly Villa
24.Oriental Grand
25.FabExpress Grand Castle Hill Resorts
26.Mountain Trails
27.Hotel Astoria Residency
28.Tulips valley view resorts
29.Rose Park Residency
30.Tulips Elkhill Resorts
31.Hotel Carnation
32.Zostel Ooty
33.YWCA Anandagiri Ooty
34.Fortune Retreats
35.Al-Woodlands Residency
36.Dew Drop Inn
37.OYO 78121 Red Rock
38.La Montana by TGI
39.Vinayaga Inn by Poppys
40.FabHotel Khems
41.Hotel Sapphire Grand
42.Hotel Fairstay
43.The Red House
44.A Ooty Honey Huts
45.Sabol Holiday Resorts
46.The Bowers Chalet
47.Hotel Welbeck Residency
48.OYO 4427 Hotel Gaylord
49.Sterling Ooty Fern Hill
50.Mount View Heritage Hotel
51.Silver Bett Resort
52.Delightz Inn
53.Green Leaves, The countryside Inn(8 kms from Ooty)
54.kumaran cottage
55.RK Homes Guest House
56.Hotel Alakapuri
57.FabHotel Sun Park Grand
58.Leopard Rock Wilderness Resort
59.DARSHAN HOTEL
60.Deccan Park
61.Hotel Meadows Residency
62.Hotel Tamilnadu, Ooty
63.Glyngarth Resort (10km Away from Ooty)
64.Vista Suites Kalatti
65.Accord HighLand
66.Raasinihas Paradise
67.Sinclairs Retreat Ooty
68.Motherland Residency
69.OYO 10950 Hotel Hills Palace
70.Western Valley Resorts
71.A2B Residency Ooty
72.Tuccil
73.Ooty Residency
74.DIO BEAUMOUNT
75.De Santosh Residency
76.OYO 35818 Twin Falls Residency
77.Golden Springs
78.Hotel Khems
79.Tiger Hill Homestay
80.La Blooms
81.OYO 7665 Home Stay Fable Stay
82.Palve sugavasam
83.The Byke Sunshine Grand
84.Hotel Preethi Classic Towers
85.I- India
86.SV RESIDENCY
87.Rock Ooty
88.Kemps cave
89.Taj Cottage
90.Hill Bird Homestay
91.OYO Flagship 44245 Hotel Rainforest Thalayathimund
92.PHOENIX STAY Ooty
93.Skylarc inn
94.Hotel Maneck
95.Berry Hills Resort
96.MANGO HILL CENTRAL OOTY
97.Gem Park
98.Vermont Valley Cottages By NiveTsa
99.Anmols Impex Cottage
100.RN Holidays
The name of the testcase failed is: HOTELBOOKING]]>
  </system-out>
</testsuite> <!-- com.goibibo.tests.TS_002_Hotel_Booking -->
