<?xml version="1.0" encoding="UTF-8"?>
<!-- Generated by org.testng.reporters.JUnitReportReporter -->
<testsuite hostname="W10CG753X2" failures="0" tests="1" name="com.goibibo.tests.TS_004_Hotel_Filters" time="292.491" errors="0" timestamp="2022-03-08T16:42:54 IST" skipped="0">
  <testcase classname="com.goibibo.tests.TS_004_Hotel_Filters" name="hotelFilters" time="292.491"/>
  <system-out>
    <![CDATA[Test case started: HOTELFILTERS
Existing rooms 1and Required rooms 1 are same.
Minus button at adults section is clicked 1 times
Existing rooms 0and Required rooms 0 are same.
The Total Number of Hotels are 40
Please find the Hotel names below:  
1.AURORA LIGHT RESIDENCY
2.Rainbow Cottage
3.Chettinad Avenue
4.Hotel Sapphire Paradise
5.Wild zest
6.Green Apple Residence
7.The Majestic Crown
8.Garden Manor
9.Hill Crest Metro
10.Sterling Ooty Elk Hill
11.Venus Holiday Home
12.Hotel Lakeview
13.Greenyards
14.FabHotel Sholas Residency I
15.OYO 13118 Twin Falls
16.Hotel Charring Cross
17.OYO 78034 New Star Cottages
18.Glen Park Inn
19.OYO 79915 SRJs Thaneesh Residency
20.Parkside Residency
21.The Monarch
22.The Green valley resorts
23.Beverly Villa
24.Oriental Grand
25.FabExpress Grand Castle Hill Resorts
26.Mountain Trails
27.Hotel Astoria Residency
28.Tulips valley view resorts
29.Rose Park Residency
30.Tulips Elkhill Resorts
31.Hotel Carnation
32.Zostel Ooty
33.YWCA Anandagiri Ooty
34.Fortune Retreats
35.Al-Woodlands Residency
36.Dew Drop Inn
37.OYO 78121 Red Rock
38.La Montana by TGI
39.Vinayaga Inn by Poppys
40.FabHotel Khems
<a href='C:\Users\Bharath_kumar_Ds\eclipse-work\Goibibo\.\screenshots\Screenshot_1646737966464.png'> <img src='C:\Users\Bharath_kumar_Ds\eclipse-work\Goibibo\.\screenshots\Screenshot_1646737966464.png' height='500' width='500'/></a> 
The name of the testcase passed is: HOTELFILTERS]]>
  </system-out>
</testsuite> <!-- com.goibibo.tests.TS_004_Hotel_Filters -->
