<?xml version="1.0" encoding="UTF-8"?>
<!-- Generated by org.testng.reporters.JUnitReportReporter -->
<testsuite hostname="W10CG753X2" failures="0" tests="1" name="com.goibibo.tests.TS_001_Hotel_Search" time="445.507" errors="0" timestamp="2022-03-08T16:42:54 IST" skipped="0">
  <testcase classname="com.goibibo.tests.TS_001_Hotel_Search" name="hotelSearch" time="445.507"/>
  <system-out>
    <![CDATA[Test case started: HOTELSEARCH
Existing rooms 1and Required rooms 1 are same.
Minus button at adults section is clicked 1 times
Existing rooms 0and Required rooms 0 are same.
The Total Number of Hotels are 367
Please find the Hotel names below:  
1.AURORA LIGHT RESIDENCY
2.Rainbow Cottage
3.Chettinad Avenue
4.Wild zest
5.The Majestic Crown
6.Garden Manor
7.Hill Crest Metro
8.Green Apple Residence
9.Hotel Lakeview
10.Greenyards
11.OYO 78034 New Star Cottages
12.Glen Park Inn
13.OYO 79915 SRJs Thaneesh Residency
14.Parkside Residency
15.The Monarch
16.The Green valley resorts
17.Sterling Ooty Elk Hill
18.Beverly Villa
19.Oriental Grand
20.FabExpress Grand Castle Hill Resorts
21.Mountain Trails
22.Hotel Astoria Residency
23.Tulips valley view resorts
24.Rose Park Residency
25.Tulips Elkhill Resorts
26.Hotel Carnation
27.Zostel Ooty
28.YWCA Anandagiri Ooty
29.Fortune Retreats
30.Al-Woodlands Residency
31.La Montana by TGI
32.Dew Drop Inn
33.OYO 78121 Red Rock
34.Vinayaga Inn by Poppys
35.FabHotel Khems
36.Hotel Sapphire Grand
37.Hotel Fairstay
38.The Red House
39.A Ooty Honey Huts
40.Sabol Holiday Resorts
41.The Bowers Chalet
42.Hotel Welbeck Residency
43.OYO 4427 Hotel Gaylord
44.OYO 13118 Twin Falls
45.Sterling Ooty Fern Hill
46.Mount View Heritage Hotel
47.Silver Bett Resort
48.Delightz Inn
49.Green Leaves, The countryside Inn(8 kms from Ooty)
50.kumaran cottage
51.RK Homes Guest House
52.Hotel Alakapuri
53.FabHotel Sun Park Grand
54.Leopard Rock Wilderness Resort
55.DARSHAN HOTEL
56.Deccan Park
57.Hotel Meadows Residency
58.Hotel Tamilnadu, Ooty
59.Glyngarth Resort (10km Away from Ooty)
60.Vista Suites Kalatti
61.Accord HighLand
62.Raasinihas Paradise
63.Sinclairs Retreat Ooty
64.Motherland Residency
65.OYO 10950 Hotel Hills Palace
66.Western Valley Resorts
67.A2B Residency Ooty
68.Tuccil
69.Ooty Residency
70.DIO BEAUMOUNT
71.De Santosh Residency
72.OYO 35818 Twin Falls Residency
73.Golden Springs
74.Hotel Khems
75.Tiger Hill Homestay
76.La Blooms
77.OYO 7665 Home Stay Fable Stay
78.Palve sugavasam
79.The Byke Sunshine Grand
80.Hotel Preethi Classic Towers
81.I- India
82.SV RESIDENCY
83.Rock Ooty
84.Kemps cave
85.Taj Cottage
86.Hill Bird Homestay
87.OYO Flagship 44245 Hotel Rainforest Thalayathimund
88.PHOENIX STAY Ooty
89.Skylarc inn
90.Hotel Maneck
91.Berry Hills Resort
92.MANGO HILL CENTRAL OOTY
93.Gem Park
94.Vermont Valley Cottages By NiveTsa
95.Anmols Impex Cottage
96.RN Holidays
97.Capital O 13231 Hotel Sapphire Garden View
98.Treebo Trend Atithi Bhavan
99.Sugam Cottages
100.MALAIYUR RESIDENCY
101.EDEN PARADISE
102.Ganga's Sri Balaji Cottage
103.Hotel Sri Balaji
104.Welcomheritage Ferrnhills Royale Palace
105.Woodstock
106.The Clubhouse Ooty
107.Lakefield Bunglow
108.Hotel Mount n Mist
109.Hotel KURINJI RESIDENCY
110.Aventura Fernhill
111.Golden Larch Comfort
112.Hotel Silver Oak
113.Colonels Inn
114.Heaven Hill View by Vista Rooms
115.Two Seas Residence
116.Aakash Rooms and cottages
117.Mountain Retreat - A Hill Country Resort
118.Hotel Venus
119.Hotel Landmark
120.Hotel Maneck Residency
121.Seven Hill Guest House
122.OYO 77690 Hillwood Cottage
123.Adarsh International
124.The Abode
125.Pratham International
126.Hotel Nahar Nilgiris
127.Kluney Manor
128.Savoy - IHCL SeleQtions, Ooty
129.SB Cottage and Homestay
130.Mountside Cottage
131.The Lovedale Garden Residency
132.FabHotel Vinu Valley Resorts
133.Ponmari Residency
134.Hotel Sun Park
135.Hotel Serenity Inn
136.S.R Cottage Ooty
137.Sri Sai Residency
138.Margic Star cottage
139.Ever Fresh Cottages
140.British Cliff Club Resort
141.Treebo Trend Sky Dale Inn & Suites
142.EZABELLA LUXURY SERVICE VILLA, Ooty
143.Hotel PENTOZ
144.Vista Suites Doddabetta
145.Collection O 8855 Orchid Inn
146.Woodberry Residency
147.Treebo Trend Light House
148.Hotel Preethi Palace
149.Haven Cottage Ooty
150.Devi Tourist Inn
151.maliekkalresidency
152.The Berg by Vista Rooms
153.Hotel Sanjay
154.Golden Larch Residency
155.Albisville Hilltop Mansion
156.The Venus Residency
157.Exclusive Villa near Rose Garden
158.Ishaan Holidays
159.Zion
160.RANS ROYAL CLUB
161.The Mystique Inn
162.Mystique Ville
163.Nest Inn Nature
164.HV 3-3 BHK Villa
165.MERAKI MAISON
166.FabEscape St. Clouds
167.The Baron
168.Neo Nirmal Residency
169.Spacious Balcony Premium Room in Heart of Ooty
170.Hotel Jaysanthi
171.Kings View Cottage
172.Primrose Cottage
173.Southmere Homestay
174.OYO 77682 Mohans Cottage
175.Princy Cottage Near Boat House
176.EADENZ COTTAGE
177.Seven Endue Grand
178.SS Holiday Inn
179.Golfdale Holiday Resort
180.Collection O 83248 Silent Valley
181.Wildlife Bungalow, rooms or entire house
182.Divi Inn cottage
183.DrizzleDrop Inn
184.PSR Residency
185.OYO Flagship 49925 Divi Heritage Inn
186.DE AMOR
187.Honey huts Budget stay
188.Blue hills homes
189.Sagar Holiday Inn
190.Aishwariya Cottages
191.MMR HOLIDAY INN
192.West Hill Daffodils Inn
193.Coonoor Homestay
194.Sivarajaa Residency
195.CASA FELICIA- Adding Happy Moments to Your Diary
196.Av villa belmont
197.The first corner kallatty ooty
198.Nakshatra Grand
199.Eadenz valley view cottages
200.SJM Residency
201.R J INN
202.Pebrock Heritage Inn
203.J R Mist Valley
204.Daffodil Cottages
205.The JLG cottages
206.Radiant cottage
207.PS Cottage Arni house
208.Vista Suites by Nivetsa, Ooty
209.Avocado holidays
210.Westwood bungalow
211.GanGas 3BHK Cottage
212.Honey hut
213.RM Cottage Ooty
214.Green hills Kallati
215.Nahar's Residency Hotel
216.Tiger Belmonte Cottage
217.S.R RESIDENCY
218.Eden inn Ooty
219.Misty Green villa
220.Bairava Cottage
221.The Anmols cottage
222.as residency
223.Adrika's Maple View Resort
224.FabHotel Greenwood Resort
225.GV cottages Finger post
226.RAM LAKSHMI COTTAGE
227.White house cottage
228.Kumaran homestay
229.Pine Forest View Residency
230.Seven Endue Cottages
231.Kiara Cottage
232.The B Tree Resorts
233.Mohan's Villa
234.Sanctuary Boutique Hotel
235.GK Homestay
236.Castle Bungalow
237.Valley homes
238.Hotel Orchid Inn
239.Vels Court Inn
240.Lourds Ville Residency
241.Vasantham Cottage
242.Fitness De Royale Organic County
243.Ooty Budget stayz
244.SARAH RESIDENCY
245.VASISTA'S Athithi bhavan
246.Snowdrops Ooty
247.Youth Hostel - Ooty
248.Blue Mountain Villa
249.Dee First Corner
250.GOLDEN RESORTS
251.Lalana Residency
252.Hill Inn Homestay
253.Veega Pearls Resorts
254.VASANTHAM PALACE
255.Aishwariya 3-BHK Cottage
256.Sherlock Homes
257.SRS Cottage
258.Train View Cottage
259.Glen View homestay
260.Yantra Leisures
261.Destiny The Farm Resort
262.Orion Cottage
263.Greenary inn
264.CUCKOO KUDIL HOME STAY
265.Sierra Vale
266.Hotel Lakshmi Cottage
267.Holiday Home near Ooty Lake
268.Mayberry
269.Hill View Dream Annex
270.Bellevue Homestay
271.Ooty Mas Cottage
272.Bellmount
273.Strawberry Cottage
274.Praba rooms and cottages
275.Saibala Residency
276.Sriram garden cottage
277.The Yellow leaf Cottages
278.SMT Homes
279.Royal Residency
280.Lovely Cottage
281.Bliss belmonte
282.Homely Cottages
283.Ranch Villa Ooty
284.Belmonte cottage
285.Cuckoo Nest Ooty
286.Paradise villa
287.Shafis Green Land
288.Abi Suvi Homestay
289.KS Cottage
290.The Wonder Hill
291.Top hill guest house
292.Gangothri
293.Dew cottages
294.Mayan Resorts
295.Club House Cottage I
296.accsys Impex Rooms
297.Rohith & Vijay Guest house
298.Ajay Residency
299.Kemps Camp
300.AISHWARIYAA GARDENS
301.TG Hills cottage
302.AS Stay Residency
303.Hills Cottages(1)
304.Travel Stay Residence
305.BM Cottage
306.Kurunji Residency
307.K R Cottage
308.Yaseen Cottages
309.NEELIMALAI RESIDENCY
310.Drop Zone
311.TGT homes
312.GV residency
313.Pebrock cottage
314.S S Cottage
315.The Imperial royal stay
316.Sri Sai Cottage (Standard Room)
317.Woody's Misty home
318.Minis cottage
319.Eadenz rooms and cottage
320.Weston Holiday Inn
321.Golden park
322.The Smilestone
323.Maruthi Sunrise Cottage
324.The coral Yloo
325.OOTY Abisuvi Home Stay
326.Happy Homestay
327.Pine view stay
328.Coral bells
329.Marryland cottage
330.White Crystal Home
331.Tiger hill homestay
332.K P Cottage
333.The madhuvanna cottage
334.Silent wild Cottage
335.Stone hill Cottage
336.HILLTOP HOME STAY
337.Aura Cottage (Deluxe Room)
338.Gopi's Residency A Comfort stay
339.Osprey Cottage
340.Belmonte 3 bedroom villa
341.Hotel Gangothri Sunrise
342.Royal Heritage
343.Club House Cottage - Rooms (4 Bedded Room)
344.Vermount Resorts
345.Linga Villa
346.Swiya Holidays
347.The Black Magic Cottage
348.Collection O 24541 Ooty Highway Hotel
349.OYO 22786 The Nest
350.Collection O 14241 The Greenery - Holiday Inn
351.MANGO HILL OOTY
352.Space 4 Resorts
353.ONELOVEDALE Blusalz HOMES
354.Pearls Resorts
355.BS Dreams
356.Woodpeckers's Nest
357.Toda Room By Smyrna
358.Blue Room By Symrna
359.Chestnut By Smyrna
360.Magic Mist Resort
361.New Summit Villa Ooty
362.ONELOVEDALE Blusalz HOMES
363.HAPPYSTAY
364.Ooty Dormitories
365.OYO 80097 Shiva Shanthi Inn
366.The GV Residency
367.GK Villa
The name of the testcase passed is: HOTELSEARCH]]>
  </system-out>
</testsuite> <!-- com.goibibo.tests.TS_001_Hotel_Search -->
